SF:lib\features\breaking_characters\data\datasources\character_remote_data_source.dart
DA:22,1
DA:23,0
DA:26,0
DA:29,0
DA:31,0
DA:32,0
LF:6
LH:1
end_of_record
SF:lib\features\breaking_characters\data\models\character_model.dart
DA:5,0
DA:8,0
DA:15,0
DA:16,0
DA:17,0
DA:18,0
LF:6
LH:0
end_of_record
SF:lib\features\breaking_characters\data\datasources\character_local_data_source.dart
DA:18,0
DA:19,0
DA:22,0
DA:25,0
DA:27,0
DA:29,0
DA:32,0
LF:7
LH:0
end_of_record
SF:lib\features\breaking_characters\domain\entites\character.dart
DA:10,0
DA:12,0
DA:13,0
LF:3
LH:0
end_of_record
